2025-01-30 12:21:13 WARN  TestNGContentHandler:133 -
			It is strongly recommended to add "<!DOCTYPE suite SYSTEM "https://testng.org/testng-1.1.dtd" >" at the top of the suite file [C:\Users\shiri\eclipse-workspace\Opencart\master.xml] otherwise TestNG may fail or not work as expected.
2025-01-30 12:21:19 INFO  TC_001_AccountRegistrationTest:15 -
			Strating TC_001_AccountRegistrationtTest
2025-01-30 12:21:19 INFO  TC_001_AccountRegistrationTest:19 -
			Clicked on My Account 
2025-01-30 12:21:20 INFO  TC_001_AccountRegistrationTest:22 -
			Clicked on Register 
2025-01-30 12:21:20 INFO  TC_001_AccountRegistrationTest:27 -
			Provided First Name 
2025-01-30 12:21:20 INFO  TC_001_AccountRegistrationTest:30 -
			Provided Last Name 
2025-01-30 12:21:20 INFO  TC_001_AccountRegistrationTest:34 -
			Provided Email 
2025-01-30 12:21:20 INFO  TC_001_AccountRegistrationTest:37 -
			Provided Telephone 
2025-01-30 12:21:20 INFO  TC_001_AccountRegistrationTest:40 -
			Provided Password 
2025-01-30 12:21:20 INFO  TC_001_AccountRegistrationTest:43 -
			Provided Confrmed Password 
2025-01-30 12:21:20 INFO  TC_001_AccountRegistrationTest:46 -
			Set Privacy Policy 
2025-01-30 12:21:21 INFO  TC_001_AccountRegistrationTest:49 -
			Clicked on Continue 
2025-01-30 12:21:23 INFO  TC_001_AccountRegistrationTest:61 -
			Finished TC_001_AccountRegistrationtTest
2025-01-30 12:21:39 INFO  TC_002_LoginTest:17 -
			**** Starting TC_002_LoginTest  ****
2025-01-30 12:21:39 INFO  TC_002_LoginTest:24 -
			clicked on myaccount link on the home page..
2025-01-30 12:21:40 INFO  TC_002_LoginTest:26 -
			clicked on login link under myaccount..
2025-01-30 12:21:40 INFO  TC_002_LoginTest:30 -
			Entering valid email and password..
2025-01-30 12:21:41 INFO  TC_002_LoginTest:34 -
			clicked on ligin button..
2025-01-30 12:21:41 INFO  TC_002_LoginTest:48 -
			**** Finished TC_002_LoginTest  ****
2025-01-30 13:22:04 WARN  TestNGContentHandler:133 -
			It is strongly recommended to add "<!DOCTYPE suite SYSTEM "https://testng.org/testng-1.1.dtd" >" at the top of the suite file [C:\Users\shiri\eclipse-workspace\Opencart\master.xml] otherwise TestNG may fail or not work as expected.
2025-01-30 13:22:11 INFO  TC_001_AccountRegistrationTest:15 -
			Strating TC_001_AccountRegistrationtTest
2025-01-30 13:22:11 INFO  TC_001_AccountRegistrationTest:19 -
			Clicked on My Account 
2025-01-30 13:22:12 INFO  TC_001_AccountRegistrationTest:22 -
			Clicked on Register 
2025-01-30 13:22:12 INFO  TC_001_AccountRegistrationTest:27 -
			Provided First Name 
2025-01-30 13:22:12 INFO  TC_001_AccountRegistrationTest:30 -
			Provided Last Name 
2025-01-30 13:22:12 INFO  TC_001_AccountRegistrationTest:34 -
			Provided Email 
2025-01-30 13:22:12 INFO  TC_001_AccountRegistrationTest:37 -
			Provided Telephone 
2025-01-30 13:22:12 INFO  TC_001_AccountRegistrationTest:40 -
			Provided Password 
2025-01-30 13:22:13 INFO  TC_001_AccountRegistrationTest:43 -
			Provided Confrmed Password 
2025-01-30 13:22:13 INFO  TC_001_AccountRegistrationTest:46 -
			Set Privacy Policy 
2025-01-30 13:22:13 INFO  TC_001_AccountRegistrationTest:49 -
			Clicked on Continue 
2025-01-30 13:22:15 INFO  TC_001_AccountRegistrationTest:61 -
			Finished TC_001_AccountRegistrationtTest
2025-01-30 13:22:19 INFO  TC_002_LoginTest:17 -
			**** Starting TC_002_LoginTest  ****
2025-01-30 13:22:19 INFO  TC_002_LoginTest:24 -
			clicked on myaccount link on the home page..
2025-01-30 13:22:19 INFO  TC_002_LoginTest:26 -
			clicked on login link under myaccount..
2025-01-30 13:22:19 INFO  TC_002_LoginTest:30 -
			Entering valid email and password..
2025-01-30 13:22:20 INFO  TC_002_LoginTest:34 -
			clicked on ligin button..
2025-01-30 13:22:20 INFO  TC_002_LoginTest:48 -
			**** Finished TC_002_LoginTest  ****
